*** Using Compiler 'V6.21', folder: 'D:\Keil_v5\ARM\ARMCLANG\Bin'
Build target 'Target 1'
compiling OLED_Font.c...
compiling oled_draw.c...
compiling TIME.c...
compiling Servo.c...
compiling oled_buffer.c...
compiling EXTI.c...
compiling LED.c...
compiling main.c...
compiling delay.c...
compiling UART.c...
compiling ti_msp_dl_config.c...
compiling OLED.c...
compiling PID.c...
compiling my_task.c...
compiling DEV_I2C.c...
compiling DEV_Grayscale.c...
compiling DEV_CAR.c...
compiling UI_.c...
compiling Stepper.c...
compiling buffer.c...
linking...
Program Size: Code=21552 RO-data=1000 RW-data=360 ZI-data=6024  
FromELF: creating hex file...
".\Objects\M0_GPIO.axf" - 0 Error(s), 0 Warning(s).
Build Time Elapsed:  00:00:01
